PLINK v1.90b6.21 64-bit (19 Oct 2020)
Options in effect:
  --allow-extra-chr
  --bfile EU_OC_US.FilteredPrunedUnrel
  --chr-set 29
  --out EU_OC_US.FilteredPrunedUnrel
  --pca 4

Hostname: test-pomeo.pucv.cl
Working directory: /home2/jaqueline.flores/population
Start time: Thu Jul  1 21:46:51 2021

Random number seed: 1625190411
128660 MB RAM detected; reserving 64330 MB for main workspace.
426 variants loaded from .bim file.
5 samples (0 males, 0 females, 5 ambiguous) loaded from .fam.
Ambiguous sex IDs written to EU_OC_US.FilteredPrunedUnrel.nosex .
Using up to 11 threads (change this with --threads).
Before main variant filters, 5 founders and 0 nonfounders present.
Calculating allele frequencies... done.
Total genotyping rate is 0.944601.
426 variants and 5 samples pass filters and QC.
Note: No phenotypes present.
Relationship matrix calculation complete.
--pca: Results saved to EU_OC_US.FilteredPrunedUnrel.eigenval and
EU_OC_US.FilteredPrunedUnrel.eigenvec .

End time: Thu Jul  1 21:46:51 2021
