PLINK v1.90b6.21 64-bit (19 Oct 2020)
Options in effect:
  --allow-extra-chr
  --chr-set 29
  --file EU_OC_US
  --make-bed
  --out EU_OC_US

Hostname: test-pomeo.pucv.cl
Working directory: /home2/jaqueline.flores/population
Start time: Thu Jul  1 21:25:02 2021

Random number seed: 1625189102
128660 MB RAM detected; reserving 64330 MB for main workspace.
Scanning .ped file... done.
Performing single-pass .bed write (21446 variants, 9 samples).
--file: EU_OC_US-temporary.bed + EU_OC_US-temporary.bim +
EU_OC_US-temporary.fam written.
21446 variants loaded from .bim file.
9 samples (0 males, 0 females, 9 ambiguous) loaded from .fam.
Ambiguous sex IDs written to EU_OC_US.nosex .
Using 1 thread (no multithreaded calculations invoked).
Before main variant filters, 9 founders and 0 nonfounders present.
Calculating allele frequencies... done.
Total genotyping rate is 0.750044.
21446 variants and 9 samples pass filters and QC.
Note: No phenotypes present.
--make-bed to EU_OC_US.bed + EU_OC_US.bim + EU_OC_US.fam ... done.

End time: Thu Jul  1 21:25:02 2021
