PLINK v1.90b6.21 64-bit (19 Oct 2020)
Options in effect:
  --allow-extra-chr
  --bfile EU_OC_US.FilteredPrunedUnrel
  --chr-set 29
  --make-bed
  --out EU_OC_US.Thinned
  --thin 0.01

Hostname: test-pomeo.pucv.cl
Working directory: /home2/jaqueline.flores/population
Start time: Thu Jul  1 21:47:43 2021

Random number seed: 1625190463
128660 MB RAM detected; reserving 64330 MB for main workspace.
426 variants loaded from .bim file.
5 samples (0 males, 0 females, 5 ambiguous) loaded from .fam.
Ambiguous sex IDs written to EU_OC_US.Thinned.nosex .
--thin: 423 variants removed (3 remaining).
Using 1 thread (no multithreaded calculations invoked).
Before main variant filters, 5 founders and 0 nonfounders present.
Calculating allele frequencies... done.
3 variants and 5 samples pass filters and QC.
Note: No phenotypes present.
--make-bed to EU_OC_US.Thinned.bed + EU_OC_US.Thinned.bim +
EU_OC_US.Thinned.fam ... done.

End time: Thu Jul  1 21:47:43 2021
